<?xml version="1.0" encoding="UTF-8"?>
<!-- Generated by org.testng.reporters.JUnitReportReporter -->
<testsuite hostname="ashwini" failures="0" tests="2" name="com.crm.Organization.OrganizationTest" time="0.050" errors="0" timestamp="01 Feb 2022 05:38:19 GMT" skipped="0">
  <testcase classname="com.crm.Organization.OrganizationTest" name="createOrgTest" time="0.047"/>
  <testcase classname="com.crm.Organization.OrganizationTest" name="modifyOrgTest" time="0.003"/>
</testsuite> <!-- com.crm.Organization.OrganizationTest -->
